# dbt logs will be regenerated on next dbt run
[0m14:56:53.091320 [debug] [MainThread]: Sending event: {'category': 'dbt', 'action': 'invocation', 'label': 'start', 'context': [<snowplow_tracker.self_describing_json.SelfDescribingJson object at 0x7ef8061741d0>, <snowplow_tracker.self_describing_json.SelfDescribingJson object at 0x7ef804a0c800>, <snowplow_tracker.self_describing_json.SelfDescribingJson object at 0x7ef802384b60>]}


============================== 14:56:53.096373 | 62f364b9-bc7f-4cec-990e-48f592d8bf2b ==============================
[0m14:56:53.096373 [info ] [MainThread]: Running with dbt=1.11.10
[0m14:56:53.096694 [debug] [MainThread]: running dbt with arguments {'no_print': 'None', 'printer_width': '80', 'empty': 'False', 'indirect_selection': 'eager', 'profiles_dir': '/tmp/tmp28mz1b82', 'fail_fast': 'False', 'version_check': 'True', 'cache_selected_only': 'False', 'use_experimental_parser': 'False', 'warn_error': 'None', 'invocation_command': 'dbt build --profiles-dir /tmp/tmp28mz1b82 --project-dir /tmp/tbdispatch_489da9eca5e149e5be2ef3e3952b64f1/repos/datafold_test_jaffle_shop_legacy/dbt_scaffold --select order_items', 'warn_error_options': 'WarnErrorOptionsV2(error=[], warn=[], silence=[])', 'introspect': 'True', 'quiet': 'False', 'debug': 'False', 'static_parser': 'True', 'target_path': 'None', 'log_format': 'default', 'log_path': '/tmp/tbdispatch_489da9eca5e149e5be2ef3e3952b64f1/repos/datafold_test_jaffle_shop_legacy/dbt_scaffold/logs', 'partial_parse': 'True', 'log_cache_events': 'False', 'send_anonymous_usage_stats': 'True', 'write_json': 'True', 'use_colors': 'True'}
[0m14:56:53.254141 [debug] [MainThread]: Snowflake adapter: Setting snowflake.connector to ERROR (file logging only)
[0m14:56:53.254471 [debug] [MainThread]: Snowflake adapter: Setting botocore to ERROR (file logging only)
[0m14:56:53.254626 [debug] [MainThread]: Snowflake adapter: Setting boto3 to ERROR (file logging only)
[0m14:56:53.435080 [debug] [MainThread]: Sending event: {'category': 'dbt', 'action': 'project_id', 'label': '62f364b9-bc7f-4cec-990e-48f592d8bf2b', 'context': [<snowplow_tracker.self_describing_json.SelfDescribingJson object at 0x7ef80069c830>]}
[0m14:56:53.477503 [debug] [MainThread]: Sending event: {'category': 'dbt', 'action': 'adapter_info', 'label': '62f364b9-bc7f-4cec-990e-48f592d8bf2b', 'context': [<snowplow_tracker.self_describing_json.SelfDescribingJson object at 0x7ef800120f80>]}
[0m14:56:53.478093 [info ] [MainThread]: Registered adapter: snowflake=1.11.5
[0m14:56:53.542551 [error] [MainThread]: Encountered an error:
Compilation Error
  dbt found 1 package(s) specified in packages.yml, but only 0 package(s) installed in dbt_packages. Run "dbt deps" to install package dependencies.
[0m14:56:53.543258 [debug] [MainThread]: Resource report: {"command_name": "build", "command_success": false, "command_wall_clock_time": 0.4890176, "process_in_blocks": "0", "process_kernel_time": 0.183005, "process_mem_max_rss": "136500", "process_out_blocks": "16", "process_user_time": 1.53068}
[0m14:56:53.543745 [debug] [MainThread]: Command `dbt build` failed at 14:56:53.543670 after 0.49 seconds
[0m14:56:53.543976 [debug] [MainThread]: Sending event: {'category': 'dbt', 'action': 'invocation', 'label': 'end', 'context': [<snowplow_tracker.self_describing_json.SelfDescribingJson object at 0x7ef802a9fd70>, <snowplow_tracker.self_describing_json.SelfDescribingJson object at 0x7ef80058a780>, <snowplow_tracker.self_describing_json.SelfDescribingJson object at 0x7ef7ff31a8d0>]}
[0m14:56:53.544174 [debug] [MainThread]: Flushing usage events
[0m14:56:53.981268 [debug] [MainThread]: An error was encountered while trying to flush usage events
[0m14:56:57.761297 [debug] [MainThread]: Sending event: {'category': 'dbt', 'action': 'invocation', 'label': 'start', 'context': [<snowplow_tracker.self_describing_json.SelfDescribingJson object at 0x7e4d4d3938f0>, <snowplow_tracker.self_describing_json.SelfDescribingJson object at 0x7e4d4db7c830>, <snowplow_tracker.self_describing_json.SelfDescribingJson object at 0x7e4d4ecc86e0>]}


============================== 14:56:57.765411 | 770b5784-fee3-41b2-b2db-066cfc7fde30 ==============================
[0m14:56:57.765411 [info ] [MainThread]: Running with dbt=1.11.10
[0m14:56:57.765723 [debug] [MainThread]: running dbt with arguments {'use_experimental_parser': 'False', 'log_cache_events': 'False', 'introspect': 'True', 'cache_selected_only': 'False', 'quiet': 'False', 'debug': 'False', 'send_anonymous_usage_stats': 'True', 'warn_error': 'None', 'no_print': 'None', 'indirect_selection': 'eager', 'invocation_command': 'dbt deps --profiles-dir /tmp/tmp4lgktgnc --project-dir /tmp/tbdispatch_489da9eca5e149e5be2ef3e3952b64f1/repos/datafold_test_jaffle_shop_legacy/dbt_scaffold', 'static_parser': 'True', 'use_colors': 'True', 'profiles_dir': '/tmp/tmp4lgktgnc', 'log_path': '/tmp/tbdispatch_489da9eca5e149e5be2ef3e3952b64f1/repos/datafold_test_jaffle_shop_legacy/dbt_scaffold/logs', 'partial_parse': 'True', 'log_format': 'default', 'write_json': 'True', 'printer_width': '80', 'fail_fast': 'False', 'empty': 'None', 'target_path': 'None', 'warn_error_options': 'WarnErrorOptionsV2(error=[], warn=[], silence=[])', 'version_check': 'True'}
[0m14:56:57.846041 [debug] [MainThread]: Sending event: {'category': 'dbt', 'action': 'project_id', 'label': '770b5784-fee3-41b2-b2db-066cfc7fde30', 'context': [<snowplow_tracker.self_describing_json.SelfDescribingJson object at 0x7e4d4d3499a0>]}
[0m14:56:57.854629 [debug] [MainThread]: Set downloads directory='/tmp/dbt-downloads-cb4a4a43'
[0m14:56:57.855009 [debug] [MainThread]: Making package index registry request: GET https://hub.getdbt.com/api/v1/index.json
[0m14:56:57.943312 [debug] [MainThread]: Response from registry index: GET https://hub.getdbt.com/api/v1/index.json 200
[0m14:56:57.944908 [debug] [MainThread]: Making package registry request: GET https://hub.getdbt.com/api/v1/dbt-labs/dbt_utils.json
[0m14:56:58.005073 [debug] [MainThread]: Response from registry: GET https://hub.getdbt.com/api/v1/dbt-labs/dbt_utils.json 200
[0m14:56:58.015820 [info ] [MainThread]: Updating lock file in file path: /tmp/tbdispatch_489da9eca5e149e5be2ef3e3952b64f1/repos/datafold_test_jaffle_shop_legacy/dbt_scaffold/package-lock.yml
[0m14:56:58.017664 [debug] [MainThread]: Set downloads directory='/tmp/dbt-downloads-7wx_6rjm'
[0m14:56:58.020128 [info ] [MainThread]: Installing dbt-labs/dbt_utils
[0m14:56:58.262775 [info ] [MainThread]: Installed from version 1.3.3
[0m14:56:58.263044 [info ] [MainThread]: Up to date!
[0m14:56:58.263244 [debug] [MainThread]: Sending event: {'category': 'dbt', 'action': 'package', 'label': '770b5784-fee3-41b2-b2db-066cfc7fde30', 'property_': 'install', 'context': [<snowplow_tracker.self_describing_json.SelfDescribingJson object at 0x7e4d4d3f7a40>, <snowplow_tracker.self_describing_json.SelfDescribingJson object at 0x7e4d4cd3b560>]}
[0m14:56:58.264167 [debug] [MainThread]: Resource report: {"command_name": "deps", "command_success": true, "command_wall_clock_time": 0.5404469, "process_in_blocks": "0", "process_kernel_time": 0.1556, "process_mem_max_rss": "110852", "process_out_blocks": "2304", "process_user_time": 1.276721}
[0m14:56:58.264488 [debug] [MainThread]: Command `dbt deps` succeeded at 14:56:58.264406 after 0.54 seconds
[0m14:56:58.264682 [debug] [MainThread]: Sending event: {'category': 'dbt', 'action': 'invocation', 'label': 'end', 'context': [<snowplow_tracker.self_describing_json.SelfDescribingJson object at 0x7e4d4d394620>, <snowplow_tracker.self_describing_json.SelfDescribingJson object at 0x7e4d4de73a10>, <snowplow_tracker.self_describing_json.SelfDescribingJson object at 0x7e4d4de73350>]}
[0m14:56:58.264873 [debug] [MainThread]: Flushing usage events
[0m14:56:58.687253 [debug] [MainThread]: An error was encountered while trying to flush usage events
[0m14:57:02.991078 [debug] [MainThread]: Sending event: {'category': 'dbt', 'action': 'invocation', 'label': 'start', 'context': [<snowplow_tracker.self_describing_json.SelfDescribingJson object at 0x741f2eda01d0>, <snowplow_tracker.self_describing_json.SelfDescribingJson object at 0x741f2ab8dca0>, <snowplow_tracker.self_describing_json.SelfDescribingJson object at 0x741f2b03e660>]}


============================== 14:57:02.997084 | 862b9ecc-1cdb-4982-89b6-7580318cbe52 ==============================
[0m14:57:02.997084 [info ] [MainThread]: Running with dbt=1.11.10
[0m14:57:02.997381 [debug] [MainThread]: running dbt with arguments {'partial_parse': 'True', 'use_colors': 'True', 'static_parser': 'True', 'use_experimental_parser': 'False', 'no_print': 'None', 'debug': 'False', 'write_json': 'True', 'cache_selected_only': 'False', 'fail_fast': 'False', 'quiet': 'False', 'printer_width': '80', 'indirect_selection': 'eager', 'log_cache_events': 'False', 'log_path': '/tmp/tbdispatch_489da9eca5e149e5be2ef3e3952b64f1/repos/datafold_test_jaffle_shop_legacy/dbt_scaffold/logs', 'invocation_command': 'dbt build --profiles-dir /tmp/tmpqgcn00vg --project-dir /tmp/tbdispatch_489da9eca5e149e5be2ef3e3952b64f1/repos/datafold_test_jaffle_shop_legacy/dbt_scaffold --select order_items', 'send_anonymous_usage_stats': 'True', 'empty': 'False', 'profiles_dir': '/tmp/tmpqgcn00vg', 'warn_error': 'None', 'introspect': 'True', 'target_path': 'None', 'warn_error_options': 'WarnErrorOptionsV2(error=[], warn=[], silence=[])', 'version_check': 'True', 'log_format': 'default'}
[0m14:57:03.162663 [debug] [MainThread]: Snowflake adapter: Setting snowflake.connector to ERROR (file logging only)
[0m14:57:03.163049 [debug] [MainThread]: Snowflake adapter: Setting botocore to ERROR (file logging only)
[0m14:57:03.163209 [debug] [MainThread]: Snowflake adapter: Setting boto3 to ERROR (file logging only)
[0m14:57:03.364064 [debug] [MainThread]: Sending event: {'category': 'dbt', 'action': 'project_id', 'label': '862b9ecc-1cdb-4982-89b6-7580318cbe52', 'context': [<snowplow_tracker.self_describing_json.SelfDescribingJson object at 0x741f28d1d790>]}
[0m14:57:03.409547 [debug] [MainThread]: Sending event: {'category': 'dbt', 'action': 'adapter_info', 'label': '862b9ecc-1cdb-4982-89b6-7580318cbe52', 'context': [<snowplow_tracker.self_describing_json.SelfDescribingJson object at 0x741f2b64fad0>]}
[0m14:57:03.410135 [info ] [MainThread]: Registered adapter: snowflake=1.11.5
[0m14:57:03.487488 [debug] [MainThread]: checksum: 2f247960199844e016e6a527f21364251736722c6212f4b11e96849fe0fc9e96, vars: {}, profile: , target: , version: 1.11.10
[0m14:57:03.488029 [info ] [MainThread]: Unable to do partial parsing because saved manifest not found. Starting full parse.
[0m14:57:03.488223 [debug] [MainThread]: Sending event: {'category': 'dbt', 'action': 'partial_parser', 'label': '862b9ecc-1cdb-4982-89b6-7580318cbe52', 'context': [<snowplow_tracker.self_describing_json.SelfDescribingJson object at 0x741f2917fec0>]}
[0m14:57:04.718251 [debug] [MainThread]: Sending event: {'category': 'dbt', 'action': 'load_project', 'label': '862b9ecc-1cdb-4982-89b6-7580318cbe52', 'context': [<snowplow_tracker.self_describing_json.SelfDescribingJson object at 0x741f2d4df740>]}
[0m14:57:04.786875 [debug] [MainThread]: Wrote artifact WritableManifest to /tmp/tbdispatch_489da9eca5e149e5be2ef3e3952b64f1/repos/datafold_test_jaffle_shop_legacy/dbt_scaffold/target/manifest.json
[0m14:57:04.788666 [debug] [MainThread]: Wrote artifact SemanticManifest to /tmp/tbdispatch_489da9eca5e149e5be2ef3e3952b64f1/repos/datafold_test_jaffle_shop_legacy/dbt_scaffold/target/semantic_manifest.json
[0m14:57:04.804613 [debug] [MainThread]: Sending event: {'category': 'dbt', 'action': 'resource_counts', 'label': '862b9ecc-1cdb-4982-89b6-7580318cbe52', 'context': [<snowplow_tracker.self_describing_json.SelfDescribingJson object at 0x741f21c33020>]}
[0m14:57:04.804974 [info ] [MainThread]: Found 6 models, 31 data tests, 5 sources, 645 macros
[0m14:57:04.806621 [info ] [MainThread]: 
[0m14:57:04.806835 [info ] [MainThread]: Concurrency: 1 threads (target='dev')
[0m14:57:04.806973 [info ] [MainThread]: 
[0m14:57:04.807259 [debug] [MainThread]: Acquiring new snowflake connection 'master'
[0m14:57:04.808041 [debug] [ThreadPool]: Acquiring new snowflake connection 'list_DEV'
[0m14:57:04.834567 [debug] [ThreadPool]: Using snowflake connection "list_DEV"
[0m14:57:04.834836 [debug] [ThreadPool]: On list_DEV: show terse schemas in database DEV
    limit 10000
/* {"app": "dbt", "dbt_version": "1.11.10", "profile_name": "jaffle_shop", "target_name": "dev", "connection_name": "list_DEV"} */
[0m14:57:04.834963 [debug] [ThreadPool]: Opening a new connection, currently in state init
[0m14:57:06.096382 [debug] [ThreadPool]: SQL status: SUCCESS 144 in 1.261 seconds
[0m14:57:06.101039 [debug] [ThreadPool]: Re-using an available connection from the pool (formerly list_DEV, now create_DEV_DEV.DATAFOLD_TMP_marts)
[0m14:57:06.101535 [debug] [ThreadPool]: Creating schema "database: "DEV"
schema: "DEV.DATAFOLD_TMP_marts"
"
[0m14:57:06.107160 [debug] [ThreadPool]: Using snowflake connection "create_DEV_DEV.DATAFOLD_TMP_marts"
[0m14:57:06.107494 [debug] [ThreadPool]: On create_DEV_DEV.DATAFOLD_TMP_marts: create schema if not exists DEV.DEV.DATAFOLD_TMP_marts
/* {"app": "dbt", "dbt_version": "1.11.10", "profile_name": "jaffle_shop", "target_name": "dev", "connection_name": "create_DEV_DEV.DATAFOLD_TMP_marts"} */
[0m14:57:06.359430 [debug] [ThreadPool]: Snowflake adapter: Snowflake query id: 01c47f21-060b-fcfe-0008-fb83437c424e
[0m14:57:06.359831 [debug] [ThreadPool]: Snowflake adapter: Snowflake error: 002043 (02000): SQL compilation error:
Object does not exist, or operation cannot be performed.
[0m14:57:06.360156 [debug] [ThreadPool]: Snowflake adapter: Error running SQL: macro create_schema
[0m14:57:06.360374 [debug] [ThreadPool]: Snowflake adapter: Rolling back transaction.
[0m14:57:06.361147 [debug] [MainThread]: Connection 'master' was properly closed.
[0m14:57:06.361525 [debug] [MainThread]: Connection 'create_DEV_DEV.DATAFOLD_TMP_marts' was left open.
[0m14:57:06.361842 [debug] [MainThread]: On create_DEV_DEV.DATAFOLD_TMP_marts: Close
[0m14:57:06.996003 [info ] [MainThread]: 
[0m14:57:06.996463 [info ] [MainThread]: Finished running  in 0 hours 0 minutes and 2.19 seconds (2.19s).
[0m14:57:06.996924 [error] [MainThread]: Encountered an error:
Database Error
  002043 (02000): SQL compilation error:
  Object does not exist, or operation cannot be performed.
[0m14:57:06.998026 [debug] [MainThread]: Resource report: {"command_name": "build", "command_success": false, "command_wall_clock_time": 4.045591, "process_in_blocks": "0", "process_kernel_time": 0.224491, "process_mem_max_rss": "162072", "process_out_blocks": "3376", "process_user_time": 2.928364}
[0m14:57:06.998571 [debug] [MainThread]: Command `dbt build` failed at 14:57:06.998429 after 4.05 seconds
[0m14:57:06.998982 [debug] [MainThread]: Sending event: {'category': 'dbt', 'action': 'invocation', 'label': 'end', 'context': [<snowplow_tracker.self_describing_json.SelfDescribingJson object at 0x741f2b5195e0>, <snowplow_tracker.self_describing_json.SelfDescribingJson object at 0x741f2393b9b0>, <snowplow_tracker.self_describing_json.SelfDescribingJson object at 0x741f21c67950>]}
[0m14:57:06.999358 [debug] [MainThread]: Flushing usage events
[0m14:57:07.424602 [debug] [MainThread]: An error was encountered while trying to flush usage events
[0m14:57:11.039413 [debug] [MainThread]: Sending event: {'category': 'dbt', 'action': 'invocation', 'label': 'start', 'context': [<snowplow_tracker.self_describing_json.SelfDescribingJson object at 0x74aabbe9e870>, <snowplow_tracker.self_describing_json.SelfDescribingJson object at 0x74aab9abddc0>, <snowplow_tracker.self_describing_json.SelfDescribingJson object at 0x74aab994ae40>]}


============================== 14:57:11.044915 | ec422bc7-e82b-4bb3-9070-f99351f19fc5 ==============================
[0m14:57:11.044915 [info ] [MainThread]: Running with dbt=1.11.10
[0m14:57:11.045261 [debug] [MainThread]: running dbt with arguments {'warn_error': 'None', 'printer_width': '80', 'warn_error_options': 'WarnErrorOptionsV2(error=[], warn=[], silence=[])', 'partial_parse': 'True', 'log_path': '/tmp/tbdispatch_489da9eca5e149e5be2ef3e3952b64f1/repos/datafold_test_jaffle_shop_legacy/dbt_scaffold/logs', 'use_experimental_parser': 'False', 'cache_selected_only': 'False', 'empty': 'False', 'no_print': 'None', 'log_format': 'default', 'fail_fast': 'False', 'profiles_dir': '/tmp/tmpvxoyfea5', 'debug': 'False', 'static_parser': 'True', 'invocation_command': 'dbt build --profiles-dir /tmp/tmpvxoyfea5 --project-dir /tmp/tbdispatch_489da9eca5e149e5be2ef3e3952b64f1/repos/datafold_test_jaffle_shop_legacy/dbt_scaffold', 'indirect_selection': 'eager', 'use_colors': 'True', 'send_anonymous_usage_stats': 'True', 'introspect': 'True', 'version_check': 'True', 'target_path': 'None', 'quiet': 'False', 'log_cache_events': 'False', 'write_json': 'True'}
[0m14:57:11.206909 [debug] [MainThread]: Snowflake adapter: Setting snowflake.connector to ERROR (file logging only)
[0m14:57:11.207249 [debug] [MainThread]: Snowflake adapter: Setting botocore to ERROR (file logging only)
[0m14:57:11.207397 [debug] [MainThread]: Snowflake adapter: Setting boto3 to ERROR (file logging only)
[0m14:57:11.391164 [debug] [MainThread]: Sending event: {'category': 'dbt', 'action': 'project_id', 'label': 'ec422bc7-e82b-4bb3-9070-f99351f19fc5', 'context': [<snowplow_tracker.self_describing_json.SelfDescribingJson object at 0x74aab9e43e30>]}
[0m14:57:11.435974 [debug] [MainThread]: Sending event: {'category': 'dbt', 'action': 'adapter_info', 'label': 'ec422bc7-e82b-4bb3-9070-f99351f19fc5', 'context': [<snowplow_tracker.self_describing_json.SelfDescribingJson object at 0x74aab8f89f40>]}
[0m14:57:11.436551 [info ] [MainThread]: Registered adapter: snowflake=1.11.5
[0m14:57:11.506309 [debug] [MainThread]: checksum: 2f247960199844e016e6a527f21364251736722c6212f4b11e96849fe0fc9e96, vars: {}, profile: , target: , version: 1.11.10
[0m14:57:11.586464 [debug] [MainThread]: Partial parsing enabled: 0 files deleted, 0 files added, 0 files changed.
[0m14:57:11.586743 [debug] [MainThread]: Nothing changed, skipping partial parsing.
[0m14:57:11.586865 [debug] [MainThread]: Partial parsing enabled, no changes found, skipping parsing
[0m14:57:11.617224 [debug] [MainThread]: Sending event: {'category': 'dbt', 'action': 'load_project', 'label': 'ec422bc7-e82b-4bb3-9070-f99351f19fc5', 'context': [<snowplow_tracker.self_describing_json.SelfDescribingJson object at 0x74aab67c6720>]}
[0m14:57:11.681410 [debug] [MainThread]: Wrote artifact WritableManifest to /tmp/tbdispatch_489da9eca5e149e5be2ef3e3952b64f1/repos/datafold_test_jaffle_shop_legacy/dbt_scaffold/target/manifest.json
[0m14:57:11.683138 [debug] [MainThread]: Wrote artifact SemanticManifest to /tmp/tbdispatch_489da9eca5e149e5be2ef3e3952b64f1/repos/datafold_test_jaffle_shop_legacy/dbt_scaffold/target/semantic_manifest.json
[0m14:57:11.697426 [debug] [MainThread]: Sending event: {'category': 'dbt', 'action': 'resource_counts', 'label': 'ec422bc7-e82b-4bb3-9070-f99351f19fc5', 'context': [<snowplow_tracker.self_describing_json.SelfDescribingJson object at 0x74aab67c5af0>]}
[0m14:57:11.697820 [info ] [MainThread]: Found 6 models, 31 data tests, 5 sources, 645 macros
[0m14:57:11.700447 [info ] [MainThread]: 
[0m14:57:11.700658 [info ] [MainThread]: Concurrency: 1 threads (target='dev')
[0m14:57:11.700780 [info ] [MainThread]: 
[0m14:57:11.701046 [debug] [MainThread]: Acquiring new snowflake connection 'master'
[0m14:57:11.703946 [debug] [ThreadPool]: Acquiring new snowflake connection 'list_DEV'
[0m14:57:11.730049 [debug] [ThreadPool]: Using snowflake connection "list_DEV"
[0m14:57:11.730308 [debug] [ThreadPool]: On list_DEV: show terse schemas in database DEV
    limit 10000
/* {"app": "dbt", "dbt_version": "1.11.10", "profile_name": "jaffle_shop", "target_name": "dev", "connection_name": "list_DEV"} */
[0m14:57:11.730442 [debug] [ThreadPool]: Opening a new connection, currently in state init
[0m14:57:12.726059 [debug] [ThreadPool]: SQL status: SUCCESS 144 in 0.995 seconds
[0m14:57:12.733983 [debug] [ThreadPool]: Using snowflake connection "list_DEV"
[0m14:57:12.734489 [debug] [ThreadPool]: On list_DEV: show terse schemas in database DEV
    limit 10000
/* {"app": "dbt", "dbt_version": "1.11.10", "profile_name": "jaffle_shop", "target_name": "dev", "connection_name": "list_DEV"} */
[0m14:57:12.980686 [debug] [ThreadPool]: SQL status: SUCCESS 144 in 0.246 seconds
[0m14:57:12.984639 [debug] [ThreadPool]: Re-using an available connection from the pool (formerly list_DEV, now create_DEV_DEV.DATAFOLD_TMP_staging)
[0m14:57:12.985071 [debug] [ThreadPool]: Creating schema "database: "DEV"
schema: "DEV.DATAFOLD_TMP_staging"
"
[0m14:57:12.989623 [debug] [ThreadPool]: Using snowflake connection "create_DEV_DEV.DATAFOLD_TMP_staging"
[0m14:57:12.989901 [debug] [ThreadPool]: On create_DEV_DEV.DATAFOLD_TMP_staging: create schema if not exists DEV.DEV.DATAFOLD_TMP_staging
/* {"app": "dbt", "dbt_version": "1.11.10", "profile_name": "jaffle_shop", "target_name": "dev", "connection_name": "create_DEV_DEV.DATAFOLD_TMP_staging"} */
[0m14:57:13.219308 [debug] [ThreadPool]: Snowflake adapter: Snowflake query id: 01c47f21-060b-fcfe-0008-fb83437c425a
[0m14:57:13.219682 [debug] [ThreadPool]: Snowflake adapter: Snowflake error: 002043 (02000): SQL compilation error:
Object does not exist, or operation cannot be performed.
[0m14:57:13.219974 [debug] [ThreadPool]: Snowflake adapter: Error running SQL: macro create_schema
[0m14:57:13.220178 [debug] [ThreadPool]: Snowflake adapter: Rolling back transaction.
[0m14:57:13.220635 [debug] [ThreadPool]: Re-using an available connection from the pool (formerly create_DEV_DEV.DATAFOLD_TMP_staging, now create_DEV_DEV.DATAFOLD_TMP_marts)
[0m14:57:13.220983 [debug] [ThreadPool]: Creating schema "database: "DEV"
schema: "DEV.DATAFOLD_TMP_marts"
"
[0m14:57:13.223345 [debug] [ThreadPool]: Using snowflake connection "create_DEV_DEV.DATAFOLD_TMP_marts"
[0m14:57:13.223747 [debug] [ThreadPool]: On create_DEV_DEV.DATAFOLD_TMP_marts: create schema if not exists DEV.DEV.DATAFOLD_TMP_marts
/* {"app": "dbt", "dbt_version": "1.11.10", "profile_name": "jaffle_shop", "target_name": "dev", "connection_name": "create_DEV_DEV.DATAFOLD_TMP_marts"} */
[0m14:57:13.462941 [debug] [ThreadPool]: Snowflake adapter: Snowflake query id: 01c47f21-060b-fd07-0008-fb83437c6336
[0m14:57:13.463310 [debug] [ThreadPool]: Snowflake adapter: Snowflake error: 002043 (02000): SQL compilation error:
Object does not exist, or operation cannot be performed.
[0m14:57:13.463614 [debug] [ThreadPool]: Snowflake adapter: Error running SQL: macro create_schema
[0m14:57:13.463817 [debug] [ThreadPool]: Snowflake adapter: Rolling back transaction.
[0m14:57:13.464590 [debug] [MainThread]: Connection 'master' was properly closed.
[0m14:57:13.464927 [debug] [MainThread]: Connection 'create_DEV_DEV.DATAFOLD_TMP_marts' was left open.
[0m14:57:13.465210 [debug] [MainThread]: On create_DEV_DEV.DATAFOLD_TMP_marts: Close
[0m14:57:13.872933 [info ] [MainThread]: 
[0m14:57:13.873384 [info ] [MainThread]: Finished running  in 0 hours 0 minutes and 2.17 seconds (2.17s).
[0m14:57:13.873792 [error] [MainThread]: Encountered an error:
Database Error
  002043 (02000): SQL compilation error:
  Object does not exist, or operation cannot be performed.
[0m14:57:13.874645 [debug] [MainThread]: Resource report: {"command_name": "build", "command_success": false, "command_wall_clock_time": 2.8737864, "process_in_blocks": "0", "process_kernel_time": 0.245055, "process_mem_max_rss": "157320", "process_out_blocks": "1800", "process_user_time": 1.809413}
[0m14:57:13.875013 [debug] [MainThread]: Command `dbt build` failed at 14:57:13.874924 after 2.87 seconds
[0m14:57:13.875275 [debug] [MainThread]: Sending event: {'category': 'dbt', 'action': 'invocation', 'label': 'end', 'context': [<snowplow_tracker.self_describing_json.SelfDescribingJson object at 0x74aab9f33c20>, <snowplow_tracker.self_describing_json.SelfDescribingJson object at 0x74aab79fa4b0>, <snowplow_tracker.self_describing_json.SelfDescribingJson object at 0x74aab74e3920>]}
[0m14:57:13.875547 [debug] [MainThread]: Flushing usage events
[0m14:57:14.291817 [debug] [MainThread]: An error was encountered while trying to flush usage events
[0m14:57:52.719904 [debug] [MainThread]: Sending event: {'category': 'dbt', 'action': 'invocation', 'label': 'start', 'context': [<snowplow_tracker.self_describing_json.SelfDescribingJson object at 0x748b23c23ef0>, <snowplow_tracker.self_describing_json.SelfDescribingJson object at 0x748b207fdb80>, <snowplow_tracker.self_describing_json.SelfDescribingJson object at 0x748b207fc560>]}


============================== 14:57:52.723843 | 01656813-764b-4d9b-8c49-4fde1b20370e ==============================
[0m14:57:52.723843 [info ] [MainThread]: Running with dbt=1.11.10
[0m14:57:52.724095 [debug] [MainThread]: running dbt with arguments {'log_path': '/tmp/tbdispatch_489da9eca5e149e5be2ef3e3952b64f1/repos/datafold_test_jaffle_shop_legacy/dbt_scaffold/logs', 'cache_selected_only': 'False', 'target_path': 'None', 'send_anonymous_usage_stats': 'True', 'no_print': 'None', 'invocation_command': 'dbt parse --profiles-dir /tmp/tmp5ocg3isv --project-dir /tmp/tbdispatch_489da9eca5e149e5be2ef3e3952b64f1/repos/datafold_test_jaffle_shop_legacy/dbt_scaffold', 'quiet': 'False', 'warn_error': 'None', 'version_check': 'True', 'printer_width': '80', 'indirect_selection': 'eager', 'profiles_dir': '/tmp/tmp5ocg3isv', 'empty': 'None', 'use_experimental_parser': 'False', 'fail_fast': 'False', 'partial_parse': 'True', 'log_cache_events': 'False', 'warn_error_options': 'WarnErrorOptionsV2(error=[], warn=[], silence=[])', 'use_colors': 'True', 'introspect': 'True', 'debug': 'False', 'log_format': 'default', 'static_parser': 'True', 'write_json': 'True'}
[0m14:57:52.880780 [debug] [MainThread]: Snowflake adapter: Setting snowflake.connector to ERROR (file logging only)
[0m14:57:52.881138 [debug] [MainThread]: Snowflake adapter: Setting botocore to ERROR (file logging only)
[0m14:57:52.881295 [debug] [MainThread]: Snowflake adapter: Setting boto3 to ERROR (file logging only)
[0m14:57:53.067184 [debug] [MainThread]: Sending event: {'category': 'dbt', 'action': 'project_id', 'label': '01656813-764b-4d9b-8c49-4fde1b20370e', 'context': [<snowplow_tracker.self_describing_json.SelfDescribingJson object at 0x748b1eef2450>]}
[0m14:57:53.112062 [debug] [MainThread]: Sending event: {'category': 'dbt', 'action': 'adapter_info', 'label': '01656813-764b-4d9b-8c49-4fde1b20370e', 'context': [<snowplow_tracker.self_describing_json.SelfDescribingJson object at 0x748b2150d670>]}
[0m14:57:53.112672 [info ] [MainThread]: Registered adapter: snowflake=1.11.5
[0m14:57:53.182353 [debug] [MainThread]: checksum: 2f247960199844e016e6a527f21364251736722c6212f4b11e96849fe0fc9e96, vars: {}, profile: , target: , version: 1.11.10
[0m14:57:53.262410 [debug] [MainThread]: Partial parsing enabled: 0 files deleted, 0 files added, 0 files changed.
[0m14:57:53.262729 [debug] [MainThread]: Nothing changed, skipping partial parsing.
[0m14:57:53.262858 [debug] [MainThread]: Partial parsing enabled, no changes found, skipping parsing
[0m14:57:53.292987 [debug] [MainThread]: Sending event: {'category': 'dbt', 'action': 'load_project', 'label': '01656813-764b-4d9b-8c49-4fde1b20370e', 'context': [<snowplow_tracker.self_describing_json.SelfDescribingJson object at 0x748b1dfa57f0>]}
[0m14:57:53.295512 [info ] [MainThread]: Performance info: /tmp/tbdispatch_489da9eca5e149e5be2ef3e3952b64f1/repos/datafold_test_jaffle_shop_legacy/dbt_scaffold/target/perf_info.json
[0m14:57:53.358187 [debug] [MainThread]: Wrote artifact WritableManifest to /tmp/tbdispatch_489da9eca5e149e5be2ef3e3952b64f1/repos/datafold_test_jaffle_shop_legacy/dbt_scaffold/target/manifest.json
[0m14:57:53.360042 [debug] [MainThread]: Wrote artifact SemanticManifest to /tmp/tbdispatch_489da9eca5e149e5be2ef3e3952b64f1/repos/datafold_test_jaffle_shop_legacy/dbt_scaffold/target/semantic_manifest.json
[0m14:57:53.360808 [debug] [MainThread]: Resource report: {"command_name": "parse", "command_success": true, "command_wall_clock_time": 0.67688316, "process_in_blocks": "0", "process_kernel_time": 0.196691, "process_mem_max_rss": "142488", "process_out_blocks": "1664", "process_user_time": 1.647415}
[0m14:57:53.361309 [debug] [MainThread]: Command `dbt parse` succeeded at 14:57:53.361215 after 0.68 seconds
[0m14:57:53.361580 [debug] [MainThread]: Sending event: {'category': 'dbt', 'action': 'invocation', 'label': 'end', 'context': [<snowplow_tracker.self_describing_json.SelfDescribingJson object at 0x748b20c69070>, <snowplow_tracker.self_describing_json.SelfDescribingJson object at 0x748b20c68800>, <snowplow_tracker.self_describing_json.SelfDescribingJson object at 0x748b20f09af0>]}
[0m14:57:53.361801 [debug] [MainThread]: Flushing usage events
[0m14:57:53.798426 [debug] [MainThread]: An error was encountered while trying to flush usage events
[0m14:57:58.534930 [debug] [MainThread]: Sending event: {'category': 'dbt', 'action': 'invocation', 'label': 'start', 'context': [<snowplow_tracker.self_describing_json.SelfDescribingJson object at 0x729b71869430>, <snowplow_tracker.self_describing_json.SelfDescribingJson object at 0x729b704d71a0>, <snowplow_tracker.self_describing_json.SelfDescribingJson object at 0x729b6f3fbb30>]}


============================== 14:57:58.539803 | b81b4704-5104-4bb8-a05d-647ea66d7bdf ==============================
[0m14:57:58.539803 [info ] [MainThread]: Running with dbt=1.11.10
[0m14:57:58.540125 [debug] [MainThread]: running dbt with arguments {'cache_selected_only': 'False', 'no_print': 'None', 'quiet': 'False', 'indirect_selection': 'eager', 'log_cache_events': 'False', 'warn_error_options': 'WarnErrorOptionsV2(error=[], warn=[], silence=[])', 'use_colors': 'True', 'write_json': 'True', 'partial_parse': 'True', 'version_check': 'True', 'introspect': 'True', 'target_path': 'None', 'log_format': 'default', 'invocation_command': 'dbt test --profiles-dir /tmp/tmpetm8i8zq --project-dir /tmp/tbdispatch_489da9eca5e149e5be2ef3e3952b64f1/repos/datafold_test_jaffle_shop_legacy/dbt_scaffold --select order_items', 'profiles_dir': '/tmp/tmpetm8i8zq', 'log_path': '/tmp/tbdispatch_489da9eca5e149e5be2ef3e3952b64f1/repos/datafold_test_jaffle_shop_legacy/dbt_scaffold/logs', 'use_experimental_parser': 'False', 'static_parser': 'True', 'empty': 'None', 'printer_width': '80', 'fail_fast': 'False', 'send_anonymous_usage_stats': 'True', 'debug': 'False', 'warn_error': 'None'}
[0m14:57:58.716089 [debug] [MainThread]: Snowflake adapter: Setting snowflake.connector to ERROR (file logging only)
[0m14:57:58.716485 [debug] [MainThread]: Snowflake adapter: Setting botocore to ERROR (file logging only)
[0m14:57:58.716647 [debug] [MainThread]: Snowflake adapter: Setting boto3 to ERROR (file logging only)
[0m14:57:58.913844 [debug] [MainThread]: Sending event: {'category': 'dbt', 'action': 'project_id', 'label': 'b81b4704-5104-4bb8-a05d-647ea66d7bdf', 'context': [<snowplow_tracker.self_describing_json.SelfDescribingJson object at 0x729b6c1daa20>]}
[0m14:57:58.959576 [debug] [MainThread]: Sending event: {'category': 'dbt', 'action': 'adapter_info', 'label': 'b81b4704-5104-4bb8-a05d-647ea66d7bdf', 'context': [<snowplow_tracker.self_describing_json.SelfDescribingJson object at 0x729b6f05a300>]}
[0m14:57:58.960245 [info ] [MainThread]: Registered adapter: snowflake=1.11.5
[0m14:57:59.031844 [debug] [MainThread]: checksum: 2f247960199844e016e6a527f21364251736722c6212f4b11e96849fe0fc9e96, vars: {}, profile: , target: , version: 1.11.10
[0m14:57:59.112222 [debug] [MainThread]: Partial parsing enabled: 0 files deleted, 0 files added, 0 files changed.
[0m14:57:59.112576 [debug] [MainThread]: Nothing changed, skipping partial parsing.
[0m14:57:59.112714 [debug] [MainThread]: Partial parsing enabled, no changes found, skipping parsing
[0m14:57:59.145076 [debug] [MainThread]: Sending event: {'category': 'dbt', 'action': 'load_project', 'label': 'b81b4704-5104-4bb8-a05d-647ea66d7bdf', 'context': [<snowplow_tracker.self_describing_json.SelfDescribingJson object at 0x729b67f0eb10>]}
[0m14:57:59.209350 [debug] [MainThread]: Wrote artifact WritableManifest to /tmp/tbdispatch_489da9eca5e149e5be2ef3e3952b64f1/repos/datafold_test_jaffle_shop_legacy/dbt_scaffold/target/manifest.json
[0m14:57:59.211643 [debug] [MainThread]: Wrote artifact SemanticManifest to /tmp/tbdispatch_489da9eca5e149e5be2ef3e3952b64f1/repos/datafold_test_jaffle_shop_legacy/dbt_scaffold/target/semantic_manifest.json
[0m14:57:59.225013 [debug] [MainThread]: Sending event: {'category': 'dbt', 'action': 'resource_counts', 'label': 'b81b4704-5104-4bb8-a05d-647ea66d7bdf', 'context': [<snowplow_tracker.self_describing_json.SelfDescribingJson object at 0x729b67a540e0>]}
[0m14:57:59.225349 [info ] [MainThread]: Found 6 models, 31 data tests, 5 sources, 645 macros
[0m14:57:59.225504 [debug] [MainThread]: Sending event: {'category': 'dbt', 'action': 'runnable_timing', 'label': 'b81b4704-5104-4bb8-a05d-647ea66d7bdf', 'context': [<snowplow_tracker.self_describing_json.SelfDescribingJson object at 0x729b6c0d56a0>]}
[0m14:57:59.226819 [info ] [MainThread]: 
[0m14:57:59.227027 [info ] [MainThread]: Concurrency: 1 threads (target='dev')
[0m14:57:59.227161 [info ] [MainThread]: 
[0m14:57:59.227473 [debug] [MainThread]: Acquiring new snowflake connection 'master'
[0m14:57:59.230804 [debug] [ThreadPool]: Acquiring new snowflake connection 'list_DEV_DEV.DATAFOLD_TMP_staging'
[0m14:57:59.262240 [debug] [ThreadPool]: Using snowflake connection "list_DEV_DEV.DATAFOLD_TMP_staging"
[0m14:57:59.262579 [debug] [ThreadPool]: On list_DEV_DEV.DATAFOLD_TMP_staging: show objects in DEV.DEV.DATAFOLD_TMP_staging
    limit 10000
    

/* {"app": "dbt", "dbt_version": "1.11.10", "profile_name": "jaffle_shop", "target_name": "dev", "connection_name": "list_DEV_DEV.DATAFOLD_TMP_staging"} */;
[0m14:57:59.262736 [debug] [ThreadPool]: Opening a new connection, currently in state init
[0m14:58:00.401215 [debug] [ThreadPool]: Snowflake adapter: Snowflake query id: 01c47f22-060b-fcfe-0008-fb83437c4276
[0m14:58:00.401480 [debug] [ThreadPool]: Snowflake adapter: Snowflake error: 002043 (02000): SQL compilation error:
Object does not exist, or operation cannot be performed.
[0m14:58:00.401667 [debug] [ThreadPool]: Snowflake adapter: Error running SQL: macro list_relations_without_caching
[0m14:58:00.401783 [debug] [ThreadPool]: Snowflake adapter: Rolling back transaction.
[0m14:58:00.402076 [debug] [ThreadPool]: Re-using an available connection from the pool (formerly list_DEV_DEV.DATAFOLD_TMP_staging, now list_DEV_DEV.DATAFOLD_TMP_marts)
[0m14:58:00.403925 [debug] [ThreadPool]: Using snowflake connection "list_DEV_DEV.DATAFOLD_TMP_marts"
[0m14:58:00.404164 [debug] [ThreadPool]: On list_DEV_DEV.DATAFOLD_TMP_marts: show objects in DEV.DEV.DATAFOLD_TMP_marts
    limit 10000
    

/* {"app": "dbt", "dbt_version": "1.11.10", "profile_name": "jaffle_shop", "target_name": "dev", "connection_name": "list_DEV_DEV.DATAFOLD_TMP_marts"} */;
[0m14:58:00.631072 [debug] [ThreadPool]: Snowflake adapter: Snowflake query id: 01c47f22-060b-fcfe-0008-fb83437c427a
[0m14:58:00.631344 [debug] [ThreadPool]: Snowflake adapter: Snowflake error: 002043 (02000): SQL compilation error:
Object does not exist, or operation cannot be performed.
[0m14:58:00.631580 [debug] [ThreadPool]: Snowflake adapter: Error running SQL: macro list_relations_without_caching
[0m14:58:00.631725 [debug] [ThreadPool]: Snowflake adapter: Rolling back transaction.
[0m14:58:00.632231 [debug] [MainThread]: Sending event: {'category': 'dbt', 'action': 'runnable_timing', 'label': 'b81b4704-5104-4bb8-a05d-647ea66d7bdf', 'context': [<snowplow_tracker.self_describing_json.SelfDescribingJson object at 0x729b6c0541a0>]}
[0m14:58:00.635467 [debug] [Thread-2 (]: Began running node test.jaffle_shop.not_null_order_items_is_drink_item.6bb8231b5a
[0m14:58:00.635826 [info ] [Thread-2 (]: 1 of 9 START test not_null_order_items_is_drink_item ........................... [RUN]
[0m14:58:00.636133 [debug] [Thread-2 (]: Re-using an available connection from the pool (formerly list_DEV_DEV.DATAFOLD_TMP_marts, now test.jaffle_shop.not_null_order_items_is_drink_item.6bb8231b5a)
[0m14:58:00.637402 [debug] [Thread-2 (]: Began compiling node test.jaffle_shop.not_null_order_items_is_drink_item.6bb8231b5a
[0m14:58:00.649094 [debug] [Thread-2 (]: Writing injected SQL for node "test.jaffle_shop.not_null_order_items_is_drink_item.6bb8231b5a"
[0m14:58:00.649775 [debug] [Thread-2 (]: Began executing node test.jaffle_shop.not_null_order_items_is_drink_item.6bb8231b5a
[0m14:58:00.666094 [debug] [Thread-2 (]: Writing runtime sql for node "test.jaffle_shop.not_null_order_items_is_drink_item.6bb8231b5a"
[0m14:58:00.666934 [debug] [Thread-2 (]: Using snowflake connection "test.jaffle_shop.not_null_order_items_is_drink_item.6bb8231b5a"
[0m14:58:00.667125 [debug] [Thread-2 (]: On test.jaffle_shop.not_null_order_items_is_drink_item.6bb8231b5a: select
      count(*) as failures,
      count(*) != 0 as should_warn,
      count(*) != 0 as should_error
    from (
      
    
  
    
    



select is_drink_item
from DEV.DEV.DATAFOLD_TMP_marts.order_items
where is_drink_item is null



  
  
      
    ) dbt_internal_test
/* {"app": "dbt", "dbt_version": "1.11.10", "profile_name": "jaffle_shop", "target_name": "dev", "node_id": "test.jaffle_shop.not_null_order_items_is_drink_item.6bb8231b5a"} */
[0m14:58:00.942608 [debug] [Thread-2 (]: Snowflake adapter: Snowflake query id: 01c47f22-060b-fcfe-0008-fb83437c427e
[0m14:58:00.942916 [debug] [Thread-2 (]: Snowflake adapter: Snowflake error: 002043 (02000): SQL compilation error:
Object does not exist, or operation cannot be performed.
[0m14:58:00.945085 [debug] [Thread-2 (]: Database Error in test not_null_order_items_is_drink_item (models/marts/order_items.yml)
  002043 (02000): SQL compilation error:
  Object does not exist, or operation cannot be performed.
  compiled code at target/run/jaffle_shop/models/marts/order_items.yml/not_null_order_items_is_drink_item.sql
[0m14:58:00.945529 [error] [Thread-2 (]: 1 of 9 ERROR not_null_order_items_is_drink_item ................................ [[31mERROR[0m in 0.31s]
[0m14:58:00.945915 [debug] [Thread-2 (]: Finished running node test.jaffle_shop.not_null_order_items_is_drink_item.6bb8231b5a
[0m14:58:00.946143 [debug] [Thread-2 (]: Began running node test.jaffle_shop.not_null_order_items_is_food_item.c5a4aa0725
[0m14:58:00.946674 [debug] [Thread-5 (]: Marking all children of 'test.jaffle_shop.not_null_order_items_is_drink_item.6bb8231b5a' to be skipped because of status 'error'.  Reason: Database Error in test not_null_order_items_is_drink_item (models/marts/order_items.yml)
  002043 (02000): SQL compilation error:
  Object does not exist, or operation cannot be performed.
  compiled code at target/run/jaffle_shop/models/marts/order_items.yml/not_null_order_items_is_drink_item.sql.
[0m14:58:00.947028 [info ] [Thread-2 (]: 2 of 9 START test not_null_order_items_is_food_item ............................ [RUN]
[0m14:58:00.947832 [debug] [Thread-2 (]: Re-using an available connection from the pool (formerly test.jaffle_shop.not_null_order_items_is_drink_item.6bb8231b5a, now test.jaffle_shop.not_null_order_items_is_food_item.c5a4aa0725)
[0m14:58:00.948037 [debug] [Thread-2 (]: Began compiling node test.jaffle_shop.not_null_order_items_is_food_item.c5a4aa0725
[0m14:58:00.951513 [debug] [Thread-2 (]: Writing injected SQL for node "test.jaffle_shop.not_null_order_items_is_food_item.c5a4aa0725"
[0m14:58:00.951932 [debug] [Thread-2 (]: Began executing node test.jaffle_shop.not_null_order_items_is_food_item.c5a4aa0725
[0m14:58:00.953531 [debug] [Thread-2 (]: Writing runtime sql for node "test.jaffle_shop.not_null_order_items_is_food_item.c5a4aa0725"
[0m14:58:00.954055 [debug] [Thread-2 (]: Using snowflake connection "test.jaffle_shop.not_null_order_items_is_food_item.c5a4aa0725"
[0m14:58:00.954248 [debug] [Thread-2 (]: On test.jaffle_shop.not_null_order_items_is_food_item.c5a4aa0725: select
      count(*) as failures,
      count(*) != 0 as should_warn,
      count(*) != 0 as should_error
    from (
      
    
  
    
    



select is_food_item
from DEV.DEV.DATAFOLD_TMP_marts.order_items
where is_food_item is null



  
  
      
    ) dbt_internal_test
/* {"app": "dbt", "dbt_version": "1.11.10", "profile_name": "jaffle_shop", "target_name": "dev", "node_id": "test.jaffle_shop.not_null_order_items_is_food_item.c5a4aa0725"} */
[0m14:58:01.335617 [debug] [Thread-2 (]: Snowflake adapter: Snowflake query id: 01c47f22-060b-fd08-0008-fb83437c83ee
[0m14:58:01.335906 [debug] [Thread-2 (]: Snowflake adapter: Snowflake error: 002043 (02000): SQL compilation error:
Object does not exist, or operation cannot be performed.
[0m14:58:01.337631 [debug] [Thread-2 (]: Database Error in test not_null_order_items_is_food_item (models/marts/order_items.yml)
  002043 (02000): SQL compilation error:
  Object does not exist, or operation cannot be performed.
  compiled code at target/run/jaffle_shop/models/marts/order_items.yml/not_null_order_items_is_food_item.sql
[0m14:58:01.337907 [error] [Thread-2 (]: 2 of 9 ERROR not_null_order_items_is_food_item ................................. [[31mERROR[0m in 0.39s]
[0m14:58:01.338171 [debug] [Thread-2 (]: Finished running node test.jaffle_shop.not_null_order_items_is_food_item.c5a4aa0725
[0m14:58:01.338353 [debug] [Thread-2 (]: Began running node test.jaffle_shop.not_null_order_items_order_id.0207cf2b74
[0m14:58:01.338797 [debug] [Thread-5 (]: Marking all children of 'test.jaffle_shop.not_null_order_items_is_food_item.c5a4aa0725' to be skipped because of status 'error'.  Reason: Database Error in test not_null_order_items_is_food_item (models/marts/order_items.yml)
  002043 (02000): SQL compilation error:
  Object does not exist, or operation cannot be performed.
  compiled code at target/run/jaffle_shop/models/marts/order_items.yml/not_null_order_items_is_food_item.sql.
[0m14:58:01.339112 [info ] [Thread-2 (]: 3 of 9 START test not_null_order_items_order_id ................................ [RUN]
[0m14:58:01.339502 [debug] [Thread-2 (]: Re-using an available connection from the pool (formerly test.jaffle_shop.not_null_order_items_is_food_item.c5a4aa0725, now test.jaffle_shop.not_null_order_items_order_id.0207cf2b74)
[0m14:58:01.339697 [debug] [Thread-2 (]: Began compiling node test.jaffle_shop.not_null_order_items_order_id.0207cf2b74
[0m14:58:01.343194 [debug] [Thread-2 (]: Writing injected SQL for node "test.jaffle_shop.not_null_order_items_order_id.0207cf2b74"
[0m14:58:01.343732 [debug] [Thread-2 (]: Began executing node test.jaffle_shop.not_null_order_items_order_id.0207cf2b74
[0m14:58:01.345778 [debug] [Thread-2 (]: Writing runtime sql for node "test.jaffle_shop.not_null_order_items_order_id.0207cf2b74"
[0m14:58:01.346555 [debug] [Thread-2 (]: Using snowflake connection "test.jaffle_shop.not_null_order_items_order_id.0207cf2b74"
[0m14:58:01.346832 [debug] [Thread-2 (]: On test.jaffle_shop.not_null_order_items_order_id.0207cf2b74: select
      count(*) as failures,
      count(*) != 0 as should_warn,
      count(*) != 0 as should_error
    from (
      
    
  
    
    



select order_id
from DEV.DEV.DATAFOLD_TMP_marts.order_items
where order_id is null



  
  
      
    ) dbt_internal_test
/* {"app": "dbt", "dbt_version": "1.11.10", "profile_name": "jaffle_shop", "target_name": "dev", "node_id": "test.jaffle_shop.not_null_order_items_order_id.0207cf2b74"} */
[0m14:58:01.577202 [debug] [Thread-2 (]: Snowflake adapter: Snowflake query id: 01c47f22-060b-fd07-0008-fb83437c634a
[0m14:58:01.577502 [debug] [Thread-2 (]: Snowflake adapter: Snowflake error: 002043 (02000): SQL compilation error:
Object does not exist, or operation cannot be performed.
[0m14:58:01.579186 [debug] [Thread-2 (]: Database Error in test not_null_order_items_order_id (models/marts/order_items.yml)
  002043 (02000): SQL compilation error:
  Object does not exist, or operation cannot be performed.
  compiled code at target/run/jaffle_shop/models/marts/order_items.yml/not_null_order_items_order_id.sql
[0m14:58:01.579443 [error] [Thread-2 (]: 3 of 9 ERROR not_null_order_items_order_id ..................................... [[31mERROR[0m in 0.24s]
[0m14:58:01.579713 [debug] [Thread-2 (]: Finished running node test.jaffle_shop.not_null_order_items_order_id.0207cf2b74
[0m14:58:01.579879 [debug] [Thread-2 (]: Began running node test.jaffle_shop.not_null_order_items_order_item_id.c6fda366bd
[0m14:58:01.580021 [info ] [Thread-2 (]: 4 of 9 START test not_null_order_items_order_item_id ........................... [RUN]
[0m14:58:01.580463 [debug] [Thread-5 (]: Marking all children of 'test.jaffle_shop.not_null_order_items_order_id.0207cf2b74' to be skipped because of status 'error'.  Reason: Database Error in test not_null_order_items_order_id (models/marts/order_items.yml)
  002043 (02000): SQL compilation error:
  Object does not exist, or operation cannot be performed.
  compiled code at target/run/jaffle_shop/models/marts/order_items.yml/not_null_order_items_order_id.sql.
[0m14:58:01.580734 [debug] [Thread-2 (]: Re-using an available connection from the pool (formerly test.jaffle_shop.not_null_order_items_order_id.0207cf2b74, now test.jaffle_shop.not_null_order_items_order_item_id.c6fda366bd)
[0m14:58:01.581047 [debug] [Thread-2 (]: Began compiling node test.jaffle_shop.not_null_order_items_order_item_id.c6fda366bd
[0m14:58:01.584902 [debug] [Thread-2 (]: Writing injected SQL for node "test.jaffle_shop.not_null_order_items_order_item_id.c6fda366bd"
[0m14:58:01.585347 [debug] [Thread-2 (]: Began executing node test.jaffle_shop.not_null_order_items_order_item_id.c6fda366bd
[0m14:58:01.586877 [debug] [Thread-2 (]: Writing runtime sql for node "test.jaffle_shop.not_null_order_items_order_item_id.c6fda366bd"
[0m14:58:01.587387 [debug] [Thread-2 (]: Using snowflake connection "test.jaffle_shop.not_null_order_items_order_item_id.c6fda366bd"
[0m14:58:01.587866 [debug] [Thread-2 (]: On test.jaffle_shop.not_null_order_items_order_item_id.c6fda366bd: select
      count(*) as failures,
      count(*) != 0 as should_warn,
      count(*) != 0 as should_error
    from (
      
    
  
    
    



select order_item_id
from DEV.DEV.DATAFOLD_TMP_marts.order_items
where order_item_id is null



  
  
      
    ) dbt_internal_test
/* {"app": "dbt", "dbt_version": "1.11.10", "profile_name": "jaffle_shop", "target_name": "dev", "node_id": "test.jaffle_shop.not_null_order_items_order_item_id.c6fda366bd"} */
[0m14:58:01.840822 [debug] [Thread-2 (]: Snowflake adapter: Snowflake query id: 01c47f22-060b-fcfe-0008-fb83437c4282
[0m14:58:01.841230 [debug] [Thread-2 (]: Snowflake adapter: Snowflake error: 002043 (02000): SQL compilation error:
Object does not exist, or operation cannot be performed.
[0m14:58:01.843707 [debug] [Thread-2 (]: Database Error in test not_null_order_items_order_item_id (models/marts/order_items.yml)
  002043 (02000): SQL compilation error:
  Object does not exist, or operation cannot be performed.
  compiled code at target/run/jaffle_shop/models/marts/order_items.yml/not_null_order_items_order_item_id.sql
[0m14:58:01.844177 [error] [Thread-2 (]: 4 of 9 ERROR not_null_order_items_order_item_id ................................ [[31mERROR[0m in 0.26s]
[0m14:58:01.844631 [debug] [Thread-2 (]: Finished running node test.jaffle_shop.not_null_order_items_order_item_id.c6fda366bd
[0m14:58:01.844950 [debug] [Thread-2 (]: Began running node test.jaffle_shop.not_null_order_items_ordered_at.d1ca4b39c8
[0m14:58:01.845482 [debug] [Thread-5 (]: Marking all children of 'test.jaffle_shop.not_null_order_items_order_item_id.c6fda366bd' to be skipped because of status 'error'.  Reason: Database Error in test not_null_order_items_order_item_id (models/marts/order_items.yml)
  002043 (02000): SQL compilation error:
  Object does not exist, or operation cannot be performed.
  compiled code at target/run/jaffle_shop/models/marts/order_items.yml/not_null_order_items_order_item_id.sql.
[0m14:58:01.845873 [info ] [Thread-2 (]: 5 of 9 START test not_null_order_items_ordered_at .............................. [RUN]
[0m14:58:01.846345 [debug] [Thread-2 (]: Re-using an available connection from the pool (formerly test.jaffle_shop.not_null_order_items_order_item_id.c6fda366bd, now test.jaffle_shop.not_null_order_items_ordered_at.d1ca4b39c8)
[0m14:58:01.846584 [debug] [Thread-2 (]: Began compiling node test.jaffle_shop.not_null_order_items_ordered_at.d1ca4b39c8
[0m14:58:01.850816 [debug] [Thread-2 (]: Writing injected SQL for node "test.jaffle_shop.not_null_order_items_ordered_at.d1ca4b39c8"
[0m14:58:01.851264 [debug] [Thread-2 (]: Began executing node test.jaffle_shop.not_null_order_items_ordered_at.d1ca4b39c8
[0m14:58:01.853503 [debug] [Thread-2 (]: Writing runtime sql for node "test.jaffle_shop.not_null_order_items_ordered_at.d1ca4b39c8"
[0m14:58:01.854016 [debug] [Thread-2 (]: Using snowflake connection "test.jaffle_shop.not_null_order_items_ordered_at.d1ca4b39c8"
[0m14:58:01.854197 [debug] [Thread-2 (]: On test.jaffle_shop.not_null_order_items_ordered_at.d1ca4b39c8: select
      count(*) as failures,
      count(*) != 0 as should_warn,
      count(*) != 0 as should_error
    from (
      
    
  
    
    



select ordered_at
from DEV.DEV.DATAFOLD_TMP_marts.order_items
where ordered_at is null



  
  
      
    ) dbt_internal_test
/* {"app": "dbt", "dbt_version": "1.11.10", "profile_name": "jaffle_shop", "target_name": "dev", "node_id": "test.jaffle_shop.not_null_order_items_ordered_at.d1ca4b39c8"} */
[0m14:58:02.081277 [debug] [Thread-2 (]: Snowflake adapter: Snowflake query id: 01c47f22-060b-fd07-0008-fb83437c634e
[0m14:58:02.081559 [debug] [Thread-2 (]: Snowflake adapter: Snowflake error: 002043 (02000): SQL compilation error:
Object does not exist, or operation cannot be performed.
[0m14:58:02.083204 [debug] [Thread-2 (]: Database Error in test not_null_order_items_ordered_at (models/marts/order_items.yml)
  002043 (02000): SQL compilation error:
  Object does not exist, or operation cannot be performed.
  compiled code at target/run/jaffle_shop/models/marts/order_items.yml/not_null_order_items_ordered_at.sql
[0m14:58:02.083462 [error] [Thread-2 (]: 5 of 9 ERROR not_null_order_items_ordered_at ................................... [[31mERROR[0m in 0.24s]
[0m14:58:02.083721 [debug] [Thread-2 (]: Finished running node test.jaffle_shop.not_null_order_items_ordered_at.d1ca4b39c8
[0m14:58:02.083886 [debug] [Thread-2 (]: Began running node test.jaffle_shop.not_null_order_items_product_id.d5e49d7c32
[0m14:58:02.084029 [info ] [Thread-2 (]: 6 of 9 START test not_null_order_items_product_id .............................. [RUN]
[0m14:58:02.084205 [debug] [Thread-2 (]: Re-using an available connection from the pool (formerly test.jaffle_shop.not_null_order_items_ordered_at.d1ca4b39c8, now test.jaffle_shop.not_null_order_items_product_id.d5e49d7c32)
[0m14:58:02.084634 [debug] [Thread-5 (]: Marking all children of 'test.jaffle_shop.not_null_order_items_ordered_at.d1ca4b39c8' to be skipped because of status 'error'.  Reason: Database Error in test not_null_order_items_ordered_at (models/marts/order_items.yml)
  002043 (02000): SQL compilation error:
  Object does not exist, or operation cannot be performed.
  compiled code at target/run/jaffle_shop/models/marts/order_items.yml/not_null_order_items_ordered_at.sql.
[0m14:58:02.084952 [debug] [Thread-2 (]: Began compiling node test.jaffle_shop.not_null_order_items_product_id.d5e49d7c32
[0m14:58:02.087799 [debug] [Thread-2 (]: Writing injected SQL for node "test.jaffle_shop.not_null_order_items_product_id.d5e49d7c32"
[0m14:58:02.088141 [debug] [Thread-2 (]: Began executing node test.jaffle_shop.not_null_order_items_product_id.d5e49d7c32
[0m14:58:02.089700 [debug] [Thread-2 (]: Writing runtime sql for node "test.jaffle_shop.not_null_order_items_product_id.d5e49d7c32"
[0m14:58:02.090199 [debug] [Thread-2 (]: Using snowflake connection "test.jaffle_shop.not_null_order_items_product_id.d5e49d7c32"
[0m14:58:02.090378 [debug] [Thread-2 (]: On test.jaffle_shop.not_null_order_items_product_id.d5e49d7c32: select
      count(*) as failures,
      count(*) != 0 as should_warn,
      count(*) != 0 as should_error
    from (
      
    
  
    
    



select product_id
from DEV.DEV.DATAFOLD_TMP_marts.order_items
where product_id is null



  
  
      
    ) dbt_internal_test
/* {"app": "dbt", "dbt_version": "1.11.10", "profile_name": "jaffle_shop", "target_name": "dev", "node_id": "test.jaffle_shop.not_null_order_items_product_id.d5e49d7c32"} */
[0m14:58:02.333163 [debug] [Thread-2 (]: Snowflake adapter: Snowflake query id: 01c47f22-060b-fcfe-0008-fb83437c4286
[0m14:58:02.333418 [debug] [Thread-2 (]: Snowflake adapter: Snowflake error: 002043 (02000): SQL compilation error:
Object does not exist, or operation cannot be performed.
[0m14:58:02.335189 [debug] [Thread-2 (]: Database Error in test not_null_order_items_product_id (models/marts/order_items.yml)
  002043 (02000): SQL compilation error:
  Object does not exist, or operation cannot be performed.
  compiled code at target/run/jaffle_shop/models/marts/order_items.yml/not_null_order_items_product_id.sql
[0m14:58:02.335460 [error] [Thread-2 (]: 6 of 9 ERROR not_null_order_items_product_id ................................... [[31mERROR[0m in 0.25s]
[0m14:58:02.335718 [debug] [Thread-2 (]: Finished running node test.jaffle_shop.not_null_order_items_product_id.d5e49d7c32
[0m14:58:02.335886 [debug] [Thread-2 (]: Began running node test.jaffle_shop.not_null_order_items_product_name.86cd0cf29d
[0m14:58:02.336294 [debug] [Thread-5 (]: Marking all children of 'test.jaffle_shop.not_null_order_items_product_id.d5e49d7c32' to be skipped because of status 'error'.  Reason: Database Error in test not_null_order_items_product_id (models/marts/order_items.yml)
  002043 (02000): SQL compilation error:
  Object does not exist, or operation cannot be performed.
  compiled code at target/run/jaffle_shop/models/marts/order_items.yml/not_null_order_items_product_id.sql.
[0m14:58:02.336608 [info ] [Thread-2 (]: 7 of 9 START test not_null_order_items_product_name ............................ [RUN]
[0m14:58:02.336960 [debug] [Thread-2 (]: Re-using an available connection from the pool (formerly test.jaffle_shop.not_null_order_items_product_id.d5e49d7c32, now test.jaffle_shop.not_null_order_items_product_name.86cd0cf29d)
[0m14:58:02.337112 [debug] [Thread-2 (]: Began compiling node test.jaffle_shop.not_null_order_items_product_name.86cd0cf29d
[0m14:58:02.339825 [debug] [Thread-2 (]: Writing injected SQL for node "test.jaffle_shop.not_null_order_items_product_name.86cd0cf29d"
[0m14:58:02.340177 [debug] [Thread-2 (]: Began executing node test.jaffle_shop.not_null_order_items_product_name.86cd0cf29d
[0m14:58:02.341995 [debug] [Thread-2 (]: Writing runtime sql for node "test.jaffle_shop.not_null_order_items_product_name.86cd0cf29d"
[0m14:58:02.342681 [debug] [Thread-2 (]: Using snowflake connection "test.jaffle_shop.not_null_order_items_product_name.86cd0cf29d"
[0m14:58:02.342906 [debug] [Thread-2 (]: On test.jaffle_shop.not_null_order_items_product_name.86cd0cf29d: select
      count(*) as failures,
      count(*) != 0 as should_warn,
      count(*) != 0 as should_error
    from (
      
    
  
    
    



select product_name
from DEV.DEV.DATAFOLD_TMP_marts.order_items
where product_name is null



  
  
      
    ) dbt_internal_test
/* {"app": "dbt", "dbt_version": "1.11.10", "profile_name": "jaffle_shop", "target_name": "dev", "node_id": "test.jaffle_shop.not_null_order_items_product_name.86cd0cf29d"} */
[0m14:58:02.580895 [debug] [Thread-2 (]: Snowflake adapter: Snowflake query id: 01c47f22-060b-fd0a-0008-fb83437c724a
[0m14:58:02.581231 [debug] [Thread-2 (]: Snowflake adapter: Snowflake error: 002043 (02000): SQL compilation error:
Object does not exist, or operation cannot be performed.
[0m14:58:02.582987 [debug] [Thread-2 (]: Database Error in test not_null_order_items_product_name (models/marts/order_items.yml)
  002043 (02000): SQL compilation error:
  Object does not exist, or operation cannot be performed.
  compiled code at target/run/jaffle_shop/models/marts/order_items.yml/not_null_order_items_product_name.sql
[0m14:58:02.583261 [error] [Thread-2 (]: 7 of 9 ERROR not_null_order_items_product_name ................................. [[31mERROR[0m in 0.25s]
[0m14:58:02.583530 [debug] [Thread-2 (]: Finished running node test.jaffle_shop.not_null_order_items_product_name.86cd0cf29d
[0m14:58:02.583707 [debug] [Thread-2 (]: Began running node test.jaffle_shop.not_null_order_items_product_price.9e29b4995d
[0m14:58:02.583863 [info ] [Thread-2 (]: 8 of 9 START test not_null_order_items_product_price ........................... [RUN]
[0m14:58:02.584298 [debug] [Thread-5 (]: Marking all children of 'test.jaffle_shop.not_null_order_items_product_name.86cd0cf29d' to be skipped because of status 'error'.  Reason: Database Error in test not_null_order_items_product_name (models/marts/order_items.yml)
  002043 (02000): SQL compilation error:
  Object does not exist, or operation cannot be performed.
  compiled code at target/run/jaffle_shop/models/marts/order_items.yml/not_null_order_items_product_name.sql.
[0m14:58:02.584688 [debug] [Thread-2 (]: Re-using an available connection from the pool (formerly test.jaffle_shop.not_null_order_items_product_name.86cd0cf29d, now test.jaffle_shop.not_null_order_items_product_price.9e29b4995d)
[0m14:58:02.584995 [debug] [Thread-2 (]: Began compiling node test.jaffle_shop.not_null_order_items_product_price.9e29b4995d
[0m14:58:02.587903 [debug] [Thread-2 (]: Writing injected SQL for node "test.jaffle_shop.not_null_order_items_product_price.9e29b4995d"
[0m14:58:02.588301 [debug] [Thread-2 (]: Began executing node test.jaffle_shop.not_null_order_items_product_price.9e29b4995d
[0m14:58:02.591170 [debug] [Thread-2 (]: Writing runtime sql for node "test.jaffle_shop.not_null_order_items_product_price.9e29b4995d"
[0m14:58:02.591780 [debug] [Thread-2 (]: Using snowflake connection "test.jaffle_shop.not_null_order_items_product_price.9e29b4995d"
[0m14:58:02.591974 [debug] [Thread-2 (]: On test.jaffle_shop.not_null_order_items_product_price.9e29b4995d: select
      count(*) as failures,
      count(*) != 0 as should_warn,
      count(*) != 0 as should_error
    from (
      
    
  
    
    



select product_price
from DEV.DEV.DATAFOLD_TMP_marts.order_items
where product_price is null



  
  
      
    ) dbt_internal_test
/* {"app": "dbt", "dbt_version": "1.11.10", "profile_name": "jaffle_shop", "target_name": "dev", "node_id": "test.jaffle_shop.not_null_order_items_product_price.9e29b4995d"} */
[0m14:58:02.810367 [debug] [Thread-2 (]: Snowflake adapter: Snowflake query id: 01c47f22-060b-fd07-0008-fb83437c6352
[0m14:58:02.810769 [debug] [Thread-2 (]: Snowflake adapter: Snowflake error: 002043 (02000): SQL compilation error:
Object does not exist, or operation cannot be performed.
[0m14:58:02.813630 [debug] [Thread-2 (]: Database Error in test not_null_order_items_product_price (models/marts/order_items.yml)
  002043 (02000): SQL compilation error:
  Object does not exist, or operation cannot be performed.
  compiled code at target/run/jaffle_shop/models/marts/order_items.yml/not_null_order_items_product_price.sql
[0m14:58:02.814129 [error] [Thread-2 (]: 8 of 9 ERROR not_null_order_items_product_price ................................ [[31mERROR[0m in 0.23s]
[0m14:58:02.814759 [debug] [Thread-2 (]: Finished running node test.jaffle_shop.not_null_order_items_product_price.9e29b4995d
[0m14:58:02.815160 [debug] [Thread-2 (]: Began running node test.jaffle_shop.unique_order_items_order_item_id.7d0a7e900a
[0m14:58:02.815755 [debug] [Thread-5 (]: Marking all children of 'test.jaffle_shop.not_null_order_items_product_price.9e29b4995d' to be skipped because of status 'error'.  Reason: Database Error in test not_null_order_items_product_price (models/marts/order_items.yml)
  002043 (02000): SQL compilation error:
  Object does not exist, or operation cannot be performed.
  compiled code at target/run/jaffle_shop/models/marts/order_items.yml/not_null_order_items_product_price.sql.
[0m14:58:02.816099 [info ] [Thread-2 (]: 9 of 9 START test unique_order_items_order_item_id ............................. [RUN]
[0m14:58:02.816516 [debug] [Thread-2 (]: Re-using an available connection from the pool (formerly test.jaffle_shop.not_null_order_items_product_price.9e29b4995d, now test.jaffle_shop.unique_order_items_order_item_id.7d0a7e900a)
[0m14:58:02.816700 [debug] [Thread-2 (]: Began compiling node test.jaffle_shop.unique_order_items_order_item_id.7d0a7e900a
[0m14:58:02.821953 [debug] [Thread-2 (]: Writing injected SQL for node "test.jaffle_shop.unique_order_items_order_item_id.7d0a7e900a"
[0m14:58:02.822484 [debug] [Thread-2 (]: Began executing node test.jaffle_shop.unique_order_items_order_item_id.7d0a7e900a
[0m14:58:02.825076 [debug] [Thread-2 (]: Writing runtime sql for node "test.jaffle_shop.unique_order_items_order_item_id.7d0a7e900a"
[0m14:58:02.826293 [debug] [Thread-2 (]: Using snowflake connection "test.jaffle_shop.unique_order_items_order_item_id.7d0a7e900a"
[0m14:58:02.826628 [debug] [Thread-2 (]: On test.jaffle_shop.unique_order_items_order_item_id.7d0a7e900a: select
      count(*) as failures,
      count(*) != 0 as should_warn,
      count(*) != 0 as should_error
    from (
      
    
  
    
    

select
    order_item_id as unique_field,
    count(*) as n_records

from DEV.DEV.DATAFOLD_TMP_marts.order_items
where order_item_id is not null
group by order_item_id
having count(*) > 1



  
  
      
    ) dbt_internal_test
/* {"app": "dbt", "dbt_version": "1.11.10", "profile_name": "jaffle_shop", "target_name": "dev", "node_id": "test.jaffle_shop.unique_order_items_order_item_id.7d0a7e900a"} */
[0m14:58:03.147874 [debug] [Thread-2 (]: Snowflake adapter: Snowflake query id: 01c47f22-060b-fd0a-0008-fb83437c724e
[0m14:58:03.148358 [debug] [Thread-2 (]: Snowflake adapter: Snowflake error: 002043 (02000): SQL compilation error:
Object does not exist, or operation cannot be performed.
[0m14:58:03.150353 [debug] [Thread-2 (]: Database Error in test unique_order_items_order_item_id (models/marts/order_items.yml)
  002043 (02000): SQL compilation error:
  Object does not exist, or operation cannot be performed.
  compiled code at target/run/jaffle_shop/models/marts/order_items.yml/unique_order_items_order_item_id.sql
[0m14:58:03.150628 [error] [Thread-2 (]: 9 of 9 ERROR unique_order_items_order_item_id .................................. [[31mERROR[0m in 0.33s]
[0m14:58:03.150886 [debug] [Thread-2 (]: Finished running node test.jaffle_shop.unique_order_items_order_item_id.7d0a7e900a
[0m14:58:03.151330 [debug] [Thread-5 (]: Marking all children of 'test.jaffle_shop.unique_order_items_order_item_id.7d0a7e900a' to be skipped because of status 'error'.  Reason: Database Error in test unique_order_items_order_item_id (models/marts/order_items.yml)
  002043 (02000): SQL compilation error:
  Object does not exist, or operation cannot be performed.
  compiled code at target/run/jaffle_shop/models/marts/order_items.yml/unique_order_items_order_item_id.sql.
[0m14:58:03.152330 [debug] [MainThread]: Connection 'master' was properly closed.
[0m14:58:03.152507 [debug] [MainThread]: Connection 'test.jaffle_shop.unique_order_items_order_item_id.7d0a7e900a' was left open.
[0m14:58:03.152648 [debug] [MainThread]: On test.jaffle_shop.unique_order_items_order_item_id.7d0a7e900a: Close
[0m14:58:03.537629 [info ] [MainThread]: 
[0m14:58:03.537932 [info ] [MainThread]: Finished running 9 data tests in 0 hours 0 minutes and 4.31 seconds (4.31s).
[0m14:58:03.538827 [debug] [MainThread]: Command end result
[0m14:58:03.645109 [debug] [MainThread]: Wrote artifact WritableManifest to /tmp/tbdispatch_489da9eca5e149e5be2ef3e3952b64f1/repos/datafold_test_jaffle_shop_legacy/dbt_scaffold/target/manifest.json
[0m14:58:03.646677 [debug] [MainThread]: Wrote artifact SemanticManifest to /tmp/tbdispatch_489da9eca5e149e5be2ef3e3952b64f1/repos/datafold_test_jaffle_shop_legacy/dbt_scaffold/target/semantic_manifest.json
[0m14:58:03.651191 [debug] [MainThread]: Wrote artifact RunExecutionResult to /tmp/tbdispatch_489da9eca5e149e5be2ef3e3952b64f1/repos/datafold_test_jaffle_shop_legacy/dbt_scaffold/target/run_results.json
[0m14:58:03.651392 [info ] [MainThread]: 
[0m14:58:03.651588 [info ] [MainThread]: [31mCompleted with 9 errors, 0 partial successes, and 0 warnings:[0m
[0m14:58:03.651724 [info ] [MainThread]: 
[0m14:58:03.651891 [error] [MainThread]: [31mFailure in test not_null_order_items_is_drink_item (models/marts/order_items.yml)[0m
[0m14:58:03.652039 [error] [MainThread]:   Database Error in test not_null_order_items_is_drink_item (models/marts/order_items.yml)
  002043 (02000): SQL compilation error:
  Object does not exist, or operation cannot be performed.
  compiled code at target/run/jaffle_shop/models/marts/order_items.yml/not_null_order_items_is_drink_item.sql
[0m14:58:03.652148 [info ] [MainThread]: 
[0m14:58:03.652277 [info ] [MainThread]:   compiled code at target/compiled/jaffle_shop/models/marts/order_items.yml/not_null_order_items_is_drink_item.sql
[0m14:58:03.652381 [info ] [MainThread]: 
[0m14:58:03.652522 [error] [MainThread]: [31mFailure in test not_null_order_items_is_food_item (models/marts/order_items.yml)[0m
[0m14:58:03.652656 [error] [MainThread]:   Database Error in test not_null_order_items_is_food_item (models/marts/order_items.yml)
  002043 (02000): SQL compilation error:
  Object does not exist, or operation cannot be performed.
  compiled code at target/run/jaffle_shop/models/marts/order_items.yml/not_null_order_items_is_food_item.sql
[0m14:58:03.652750 [info ] [MainThread]: 
[0m14:58:03.652862 [info ] [MainThread]:   compiled code at target/compiled/jaffle_shop/models/marts/order_items.yml/not_null_order_items_is_food_item.sql
[0m14:58:03.652952 [info ] [MainThread]: 
[0m14:58:03.653069 [error] [MainThread]: [31mFailure in test not_null_order_items_order_id (models/marts/order_items.yml)[0m
[0m14:58:03.653186 [error] [MainThread]:   Database Error in test not_null_order_items_order_id (models/marts/order_items.yml)
  002043 (02000): SQL compilation error:
  Object does not exist, or operation cannot be performed.
  compiled code at target/run/jaffle_shop/models/marts/order_items.yml/not_null_order_items_order_id.sql
[0m14:58:03.653272 [info ] [MainThread]: 
[0m14:58:03.653381 [info ] [MainThread]:   compiled code at target/compiled/jaffle_shop/models/marts/order_items.yml/not_null_order_items_order_id.sql
[0m14:58:03.653481 [info ] [MainThread]: 
[0m14:58:03.653601 [error] [MainThread]: [31mFailure in test not_null_order_items_order_item_id (models/marts/order_items.yml)[0m
[0m14:58:03.653722 [error] [MainThread]:   Database Error in test not_null_order_items_order_item_id (models/marts/order_items.yml)
  002043 (02000): SQL compilation error:
  Object does not exist, or operation cannot be performed.
  compiled code at target/run/jaffle_shop/models/marts/order_items.yml/not_null_order_items_order_item_id.sql
[0m14:58:03.653812 [info ] [MainThread]: 
[0m14:58:03.653923 [info ] [MainThread]:   compiled code at target/compiled/jaffle_shop/models/marts/order_items.yml/not_null_order_items_order_item_id.sql
[0m14:58:03.654012 [info ] [MainThread]: 
[0m14:58:03.654126 [error] [MainThread]: [31mFailure in test not_null_order_items_ordered_at (models/marts/order_items.yml)[0m
[0m14:58:03.654247 [error] [MainThread]:   Database Error in test not_null_order_items_ordered_at (models/marts/order_items.yml)
  002043 (02000): SQL compilation error:
  Object does not exist, or operation cannot be performed.
  compiled code at target/run/jaffle_shop/models/marts/order_items.yml/not_null_order_items_ordered_at.sql
[0m14:58:03.654332 [info ] [MainThread]: 
[0m14:58:03.654445 [info ] [MainThread]:   compiled code at target/compiled/jaffle_shop/models/marts/order_items.yml/not_null_order_items_ordered_at.sql
[0m14:58:03.654544 [info ] [MainThread]: 
[0m14:58:03.654663 [error] [MainThread]: [31mFailure in test not_null_order_items_product_id (models/marts/order_items.yml)[0m
[0m14:58:03.654787 [error] [MainThread]:   Database Error in test not_null_order_items_product_id (models/marts/order_items.yml)
  002043 (02000): SQL compilation error:
  Object does not exist, or operation cannot be performed.
  compiled code at target/run/jaffle_shop/models/marts/order_items.yml/not_null_order_items_product_id.sql
[0m14:58:03.654877 [info ] [MainThread]: 
[0m14:58:03.654988 [info ] [MainThread]:   compiled code at target/compiled/jaffle_shop/models/marts/order_items.yml/not_null_order_items_product_id.sql
[0m14:58:03.655080 [info ] [MainThread]: 
[0m14:58:03.655194 [error] [MainThread]: [31mFailure in test not_null_order_items_product_name (models/marts/order_items.yml)[0m
[0m14:58:03.655312 [error] [MainThread]:   Database Error in test not_null_order_items_product_name (models/marts/order_items.yml)
  002043 (02000): SQL compilation error:
  Object does not exist, or operation cannot be performed.
  compiled code at target/run/jaffle_shop/models/marts/order_items.yml/not_null_order_items_product_name.sql
[0m14:58:03.655413 [info ] [MainThread]: 
[0m14:58:03.655541 [info ] [MainThread]:   compiled code at target/compiled/jaffle_shop/models/marts/order_items.yml/not_null_order_items_product_name.sql
[0m14:58:03.655635 [info ] [MainThread]: 
[0m14:58:03.655752 [error] [MainThread]: [31mFailure in test not_null_order_items_product_price (models/marts/order_items.yml)[0m
[0m14:58:03.655872 [error] [MainThread]:   Database Error in test not_null_order_items_product_price (models/marts/order_items.yml)
  002043 (02000): SQL compilation error:
  Object does not exist, or operation cannot be performed.
  compiled code at target/run/jaffle_shop/models/marts/order_items.yml/not_null_order_items_product_price.sql
[0m14:58:03.655959 [info ] [MainThread]: 
[0m14:58:03.656067 [info ] [MainThread]:   compiled code at target/compiled/jaffle_shop/models/marts/order_items.yml/not_null_order_items_product_price.sql
[0m14:58:03.656157 [info ] [MainThread]: 
[0m14:58:03.656278 [error] [MainThread]: [31mFailure in test unique_order_items_order_item_id (models/marts/order_items.yml)[0m
[0m14:58:03.656409 [error] [MainThread]:   Database Error in test unique_order_items_order_item_id (models/marts/order_items.yml)
  002043 (02000): SQL compilation error:
  Object does not exist, or operation cannot be performed.
  compiled code at target/run/jaffle_shop/models/marts/order_items.yml/unique_order_items_order_item_id.sql
[0m14:58:03.656519 [info ] [MainThread]: 
[0m14:58:03.656639 [info ] [MainThread]:   compiled code at target/compiled/jaffle_shop/models/marts/order_items.yml/unique_order_items_order_item_id.sql
[0m14:58:03.656740 [info ] [MainThread]: 
[0m14:58:03.656864 [info ] [MainThread]: Done. PASS=0 WARN=0 ERROR=9 SKIP=0 NO-OP=0 TOTAL=9
[0m14:58:03.657471 [debug] [MainThread]: Resource report: {"command_name": "test", "command_success": false, "command_wall_clock_time": 5.16068, "process_in_blocks": "0", "process_kernel_time": 0.225006, "process_mem_max_rss": "159504", "process_out_blocks": "3664", "process_user_time": 2.122059}
[0m14:58:03.657756 [debug] [MainThread]: Command `dbt test` failed at 14:58:03.657693 after 5.16 seconds
[0m14:58:03.657963 [debug] [MainThread]: Sending event: {'category': 'dbt', 'action': 'invocation', 'label': 'end', 'context': [<snowplow_tracker.self_describing_json.SelfDescribingJson object at 0x729b7072e8d0>, <snowplow_tracker.self_describing_json.SelfDescribingJson object at 0x729b676ab050>, <snowplow_tracker.self_describing_json.SelfDescribingJson object at 0x729b676ab8c0>]}
[0m14:58:03.658159 [debug] [MainThread]: Flushing usage events
[0m14:58:04.059553 [debug] [MainThread]: An error was encountered while trying to flush usage events
